[]
[2026-02-13T09:23:42Z] phase=0 action=prd-drafted result=success description="PRD created for UserAuth Basic App with 4 user stories: registration, login, profile, logout"
[2026-02-13T09:26:51Z] phase=0 action=prd-updated result=success description="Added basic RBAC (user/admin roles), admin dashboard US, navigation awareness US, /api/admin/users endpoint"
[2026-02-13T09:28:03Z] phase=0 action=human-gate result=approved description="PRD approved by human"
[2026-02-13T09:28:03Z] phase=1 action=phase-start result=success description="Beginning FRD breakdown from approved PRD"
[2026-02-13T09:30:00Z] phase=1 action=frd-generation result=success description="All 3 FRDs created: frd-auth.md, frd-profile.md, frd-rbac.md"
[2026-02-13T09:32:13Z] phase=1 action=human-gate result=approved description="FRDs approved. Future consideration noted: Entra SSO."
[2026-02-13T09:32:13Z] phase=2 action=phase-start result=success description="Beginning Gherkin generation from 3 FRDs"
[2026-02-13T09:34:00Z] phase=2 action=gherkin-generation result=success description="All 3 .feature files generated: auth.feature (238 lines, ~20 scenarios), profile.feature (176 lines, ~19 scenarios), rbac.feature (120 lines, ~12 scenarios)"
[2026-02-13T09:35:30Z] phase=2 action=human-gate result=approved description="Gherkin scenarios approved"
[2026-02-13T09:35:30Z] phase=3 action=phase-start result=success description="Beginning test scaffolding generation"
[2026-02-13T09:42:00Z] phase=3 action=test-generation result=success description="Red baseline established: 6 API unit test files (26 failing, 5 passing existing), 3 cucumber step def files (56 scenarios, 327 steps, 0 undefined), 5 playwright e2e specs (23 tests)"
[2026-02-13T09:48:19Z] phase=4 action=phase-start result=success description="Beginning implementation phase"
[2026-02-13T10:46:00Z] phase=4 action=implementation result=success description="All tests green: 31 API unit tests pass, 23 Playwright e2e tests pass. Backend: user store, auth middleware, auth routes, admin routes. Frontend: NavBar, landing, login, register, profile, admin pages."
[2026-02-13T10:51:00Z] phase=4 action=human-gate result=approved
[2026-02-13T10:51:00Z] phase=5 action=phase-start result=beginning-deployment
[2026-03-31T09:37:00Z] phase=1a action=prd-merged result=success description="Merged UserAuth PRD with Task Board PRD. Product is now TaskBoard — a personal task board with authentication. 11 user stories (US-1 to US-11)."
[2026-03-31T09:37:00Z] phase=1a action=frd-created result=success description="Created frd-task-management.md covering US-7 (Create), US-10 (Edit), US-11 (Delete). 3 API endpoints, validation rules, data model."
[2026-03-31T09:37:00Z] phase=1a action=frd-created result=success description="Created frd-task-board.md covering US-8 (View Board), US-9 (Move Task). GET /api/tasks endpoint, board layout, movement controls."
[2026-03-31T09:37:00Z] phase=1a action=frd-updated result=success description="Updated frd-auth.md (login redirects to /board), frd-profile.md (app name to TaskBoard, Board nav link, landing page CTA). frd-rbac.md unchanged."
[2026-03-31T09:37:00Z] phase=1a action=cleanup result=success description="Removed old Gherkin features (auth.feature, profile.feature, rbac.feature) — will be regenerated in Phase 2."
[2026-03-31T09:37:00Z] phase=1a action=phase-status result=in_progress description="Phase 1a (Spec Refinement) in progress. 5 FRDs ready for human review: frd-auth, frd-profile, frd-rbac, frd-task-management, frd-task-board."
[2026-03-31T09:55:00Z] phase=1a action=prd-review result=success description="PRD reviewed through product + technical lenses. 2 major issues resolved (task ordering, CORS policy), 1 minor resolved (rate limiting to out-of-scope), 3 minor skipped by human choice."
[2026-03-31T09:55:00Z] phase=1a action=human-gate result=approved description="PRD approved by human. Moving to FRD review."
[2026-03-31T09:58:00Z] phase=1a action=frd-review result=success description="Pass 1: Reviewed 5 FRDs through product + technical lenses. Found 7 major + 5 minor issues. 11 fixes applied (1 deferred to UI/UX phase). Issues: cookie Secure flag, CORS config, task ordering, whitespace titles, RBAC wording, malformed JSON, double-submit, NavBar degraded state, requireRole guard, PATCH duplication, bootstrap error."
[2026-03-31T10:14:00Z] phase=1a action=human-gate result=approved description="All 5 FRDs approved by human: frd-auth, frd-profile, frd-rbac, frd-task-management, frd-task-board. Phase 1a (Spec Refinement) complete."
[2026-03-31T10:44:00Z] phase=1b action=uiux-design result=success description="Phase 1b complete. 6 artifacts generated: screen-map (7 screens), design-system (14 color tokens, shared CSS), 7 HTML prototypes (board, landing, login, register, profile, admin, index), component-inventory (15 components), flow-walkthrough (7 flows), walkthrough.html (10-step presentation)."
[2026-03-31T10:44:00Z] phase=1b action=human-gate result=approved description="UI/UX design artifacts approved by human."
[2026-03-31T10:44:30Z] phase=1c action=increment-planning result=success description="4 increments planned: inc-1 (auth skeleton), inc-2 (profile/nav/rbac), inc-3 (board/create/move), inc-4 (edit/delete). All 11 user stories and 7 flows covered."
[2026-03-31T11:19:00Z] phase=1c action=human-gate result=approved description="Increment plan approved: 4 increments covering all 11 user stories."
[2026-03-31T11:19:30Z] phase=1d action=tech-stack-resolution result=success description="Tech stack resolved. All technologies pre-configured by shell template. No new dependencies needed. Created specs/tech-stack.md documenting: Express 5.1, Next.js 16.1.6, React 19, Tailwind 4, bcryptjs, JWT, Vitest, Playwright, Cucumber, Aspire 13.2, Azure Container Apps via AZD+Bicep."
[2026-03-31T11:25:00Z] phase=1d action=human-gate result=approved description="Tech stack approved. Phase 1 (Product Discovery) complete."
[2026-03-31T11:25:00Z] phase=1 action=phase-complete result=success description="Phase 1 complete: 1 PRD (11 user stories), 5 FRDs, 6 UI/UX artifacts (7 screens, 15 components, 7 flows), 4 increments planned, tech stack resolved. Moving to Phase 2 (Increment Delivery)."
[2026-03-31T13:05:00Z] phase=2 action=human-gate result=approved description="Gherkin scenarios (49) and e2e tests (17) approved for inc-1. Proceeding to contracts."
[2026-03-31T13:17:00Z] phase=2 action=contracts-generated result=success description="inc-1 API contracts: specs/contracts/api/auth.yaml (OpenAPI 3.0.3, 5 endpoints), src/shared/types/index.ts (7 types)"
[2026-03-31T13:17:00Z] phase=2 action=implementation result=success description="inc-1 API slice: CORS, cookie Secure conditional, auth middleware user-exists check, requireRole defensive guard, health status 'ok'. 31/31 unit tests pass."
[2026-03-31T13:17:00Z] phase=2 action=implementation result=success description="inc-1 Web slice: NavBar 3 states with data-testid, landing page TaskBoard branding, login redirect to /board, register client validation, board placeholder. Build clean, 7 routes."
[2026-03-31T13:25:00Z] phase=2 action=human-gate result=approved description="inc-1 implementation approved. Deployment deferred. Moving to inc-2."
[2026-03-31T13:25:00Z] phase=2 action=increment-start result=success description="Starting inc-2: Profile, Navigation & RBAC (US-3, US-4, US-6)"
[2026-03-31T13:30:00Z] phase=2 action=gherkin-generation result=success description="inc-2: Created profile.feature (5 scenarios), rbac.feature (9 scenarios), updated navigation.feature (+2 scenarios). Fixed stale selectors in e2e and step defs."
[2026-03-31T13:30:00Z] phase=2 action=contracts-generated result=success description="inc-2: Created specs/contracts/api/admin.yaml (GET /api/admin/users)"
[2026-03-31T13:30:00Z] phase=2 action=implementation result=success description="inc-2: Profile, NavBar, Admin, RBAC already implemented from inc-1. Test alignment complete. 31/31 API tests pass. Web builds clean."
